Date	Time	DirIn	DirOut	Mass	In Approach	Out Approach	Sensor 1	Sensor 2	Boom 1 	Boom 2	No QR	QR Data	Status	Reg 1	Reg 2	Reg 3	Q Status	Moxa 1	Moxa 2
2019-08-20	16:31:29	True	False	000000	False	False			False	False	False		1.1.1	XYZ123GP	XYZ123GP		A queue with the same path name already exists.  .\PRIVATE$\XTime2Trekscale	True	
2019-12-10	09:29:00	True	False	003000	False	False			False	False	False		1.1.1				A queue with the same path name already exists.  .\PRIVATE$\XTime2Trekscale	True	
2019-12-10	11:06:26	True	False	004000	False	False			False	False	False	52-0073-00	1.1.3	XYZ123GP	ABC123GP	DEF123GP	Message sent!	True	
2019-12-10	11:10:51	True	False	004000	False	False			False	False	False	52-0073-00	1.1.3	DEF123GP	DEF123GP	DEF123GP	Message sent!	False	
		False	False	0	False	False			False	False	False						A queue with the same path name already exists.  .\PRIVATE$\XTime2Trekscale	False	
		False	False	0	False	False			False	False	False						A queue with the same path name already exists.  .\PRIVATE$\XTime2Trekscale	False	
2020-02-07	15:14:12	True	False	010000	False	False			False	False	False		1.1.1	XYZ123GP	XYZ123GP	XYZ123GP	A queue with the same path name already exists.  .\PRIVATE$\XTime2Trekscale	True	
2020-02-11	11:18:24	True	False	002000	False	False			False	False	False		1.1.1	XYZ123GP	XYZ123GP		A queue with the same path name already exists.  .\PRIVATE$\XTime2Trekscale	True	
		False	False	0	False	False			False	False	False						A queue with the same path name already exists.  .\PRIVATE$\XTime2Trekscale	False	
2020/09/03	15:29:38	True	False	000000	False	False			False	False	False		1.1.1				A queue with the same path name already exists.  .\PRIVATE$\XTime2Trekscale	False	
2020/09/03	15:36:32	True	False	000000	False	False			False	False	False		1.1.1				A queue with the same path name already exists.  .\PRIVATE$\XTime2Trekscale	False	
2020/12/04	12:08:08	True	False	000000	False	False			False	False	False		1.1.1				A queue with the same path name already exists.  .\PRIVATE$\Trekscale2XTime
A queue with the same path name already exists.  .\PRIVATE$\XTime2Trekscale
A queue with the same path name already exists.  .\PRIVATE$\99_AB_fromGlencore
A queue with the same path name already exists.  .\PRIVATE$\99_AB_toGlencore
	True	
2020/12/04	12:09:11	True	False	000000	False	False			False	False	False		1.1.1				A queue with the same path name already exists.  .\PRIVATE$\Trekscale2XTime
A queue with the same path name already exists.  .\PRIVATE$\XTime2Trekscale
A queue with the same path name already exists.  .\PRIVATE$\99_AB_fromGlencore
A queue with the same path name already exists.  .\PRIVATE$\99_AB_toGlencore
	True	
2020/12/04	12:11:30	True	False	000000	False	False			False	False	False		1.1.1				A queue with the same path name already exists.  .\PRIVATE$\Trekscale2XTime
A queue with the same path name already exists.  .\PRIVATE$\XTime2Trekscale
A queue with the same path name already exists.  .\PRIVATE$\99_AB_fromGlencore
A queue with the same path name already exists.  .\PRIVATE$\99_AB_toGlencore
	True	
2020/12/04	12:19:42	True	False	000000	False	False			False	False	False		1.1.1				A queue with the same path name already exists.  .\PRIVATE$\Trekscale2XTime
A queue with the same path name already exists.  .\PRIVATE$\XTime2Trekscale
A queue with the same path name already exists.  .\PRIVATE$\99_AB_fromGlencore
A queue with the same path name already exists.  .\PRIVATE$\99_AB_toGlencore
	True	
2020/12/04	12:21:33	True	False	000000	False	False			False	False	False		1.1.1				A queue with the same path name already exists.  .\PRIVATE$\Trekscale2XTime
A queue with the same path name already exists.  .\PRIVATE$\XTime2Trekscale
A queue with the same path name already exists.  .\PRIVATE$\99_AB_fromGlencore
A queue with the same path name already exists.  .\PRIVATE$\99_AB_toGlencore
	True	
2020/12/04	12:22:57	True	False	000000	False	False			False	False	False		1.1.1				A queue with the same path name already exists.  .\PRIVATE$\Trekscale2XTime
A queue with the same path name already exists.  .\PRIVATE$\XTime2Trekscale
A queue with the same path name already exists.  .\PRIVATE$\99_AB_fromGlencore
A queue with the same path name already exists.  .\PRIVATE$\99_AB_toGlencore
	True	
2020/12/04	12:40:03	True	False	000000	False	False			False	False	False		1.1.1				A queue with the same path name already exists.  .\PRIVATE$\Trekscale2XTime
A queue with the same path name already exists.  .\PRIVATE$\XTime2Trekscale
A queue with the same path name already exists.  .\PRIVATE$\99_AB_fromGlencore
A queue with the same path name already exists.  .\PRIVATE$\99_AB_toGlencore
	True	
2020/12/04	12:43:06	True	False	000000	False	False			False	False	False		1.1.1				A queue with the same path name already exists.  .\PRIVATE$\Trekscale2XTime
A queue with the same path name already exists.  .\PRIVATE$\XTime2Trekscale
A queue with the same path name already exists.  .\PRIVATE$\99_AB_fromGlencore
A queue with the same path name already exists.  .\PRIVATE$\99_AB_toGlencore
	True	
2020/12/04	12:45:40	True	False	000000	False	False			False	False	False		1.1.1				A queue with the same path name already exists.  .\PRIVATE$\Trekscale2XTime
A queue with the same path name already exists.  .\PRIVATE$\XTime2Trekscale
A queue with the same path name already exists.  .\PRIVATE$\99_AB_fromGlencore
A queue with the same path name already exists.  .\PRIVATE$\99_AB_toGlencore
	True	
2020/12/04	12:52:44	True	False	010000	False	False			False	False	True		1.1.1				A queue with the same path name already exists.  .\PRIVATE$\Trekscale2XTime
A queue with the same path name already exists.  .\PRIVATE$\XTime2Trekscale
A queue with the same path name already exists.  .\PRIVATE$\99_AB_fromGlencore
A queue with the same path name already exists.  .\PRIVATE$\99_AB_toGlencore
	True	
2020/12/04	13:08:37	True	False	010000	False	False			False	False	True		1.1.1				A queue with the same path name already exists.  .\PRIVATE$\Trekscale2XTime
A queue with the same path name already exists.  .\PRIVATE$\XTime2Trekscale
A queue with the same path name already exists.  .\PRIVATE$\99_AB_fromGlencore
A queue with the same path name already exists.  .\PRIVATE$\99_AB_toGlencore
	True	
2020/12/04	15:15:40	True	False	010000	False	False			False	False	False		1.1.1				A queue with the same path name already exists.  .\PRIVATE$\Trekscale2XTime
A queue with the same path name already exists.  .\PRIVATE$\XTime2Trekscale
A queue with the same path name already exists.  .\PRIVATE$\99_AB_fromGlencore
A queue with the same path name already exists.  .\PRIVATE$\99_AB_toGlencore
	True	
2020/12/07	10:42:56	True	False	000000	False	False			False	False	False		1.1.1				A queue with the same path name already exists.  .\PRIVATE$\Trekscale2XTime
A queue with the same path name already exists.  .\PRIVATE$\XTime2Trekscale
A queue with the same path name already exists.  .\PRIVATE$\99_AB_fromGlencore
A queue with the same path name already exists.  .\PRIVATE$\99_AB_toGlencore
	True	
2020/12/07	10:56:26	True	False	000000	False	False			False	False	False		1.1.1				A queue with the same path name already exists.  .\PRIVATE$\Trekscale2XTime
A queue with the same path name already exists.  .\PRIVATE$\XTime2Trekscale
A queue with the same path name already exists.  .\PRIVATE$\99_AB_fromGlencore
A queue with the same path name already exists.  .\PRIVATE$\99_AB_toGlencore
	True	
2020/12/07	11:01:03	True	False	000000	False	False			False	False	False		1.1.1				A queue with the same path name already exists.  .\PRIVATE$\Trekscale2XTime
A queue with the same path name already exists.  .\PRIVATE$\XTime2Trekscale
A queue with the same path name already exists.  .\PRIVATE$\99_AB_fromGlencore
A queue with the same path name already exists.  .\PRIVATE$\99_AB_toGlencore
	True	
2020/12/07	11:01:23	True	False	000000	False	False			False	False	False		1.1.1				A queue with the same path name already exists.  .\PRIVATE$\Trekscale2XTime
A queue with the same path name already exists.  .\PRIVATE$\XTime2Trekscale
A queue with the same path name already exists.  .\PRIVATE$\99_AB_fromGlencore
A queue with the same path name already exists.  .\PRIVATE$\99_AB_toGlencore
	True	
2020/12/09	08:38:08	True	False	000000	False	False			False	False	False		1.1.1				A queue with the same path name already exists.  .\PRIVATE$\Trekscale2XTime
A queue with the same path name already exists.  .\PRIVATE$\XTime2Trekscale
A queue with the same path name already exists.  .\PRIVATE$\99_AB_fromGlencore
A queue with the same path name already exists.  .\PRIVATE$\99_AB_toGlencore
	True	
2020/12/11	09:38:42	True	False	000000	False	False			False	False	False		1.1.1				A queue with the same path name already exists.  .\PRIVATE$\Trekscale2XTime
A queue with the same path name already exists.  .\PRIVATE$\XTime2Trekscale
A queue with the same path name already exists.  .\PRIVATE$\99_AB_fromGlencore
A queue with the same path name already exists.  .\PRIVATE$\99_AB_toGlencore
	True	
2020/12/11	09:40:48	True	False	000000	False	False			False	False	False		1.1.1				A queue with the same path name already exists.  .\PRIVATE$\Trekscale2XTime
A queue with the same path name already exists.  .\PRIVATE$\XTime2Trekscale
A queue with the same path name already exists.  .\PRIVATE$\99_AB_fromGlencore
A queue with the same path name already exists.  .\PRIVATE$\99_AB_toGlencore
	True	
2020/12/11	09:46:59	True	False	000000	False	False			False	False	False		1.1.1				A queue with the same path name already exists.  .\PRIVATE$\Trekscale2XTime
A queue with the same path name already exists.  .\PRIVATE$\XTime2Trekscale
A queue with the same path name already exists.  .\PRIVATE$\99_AB_fromGlencore
A queue with the same path name already exists.  .\PRIVATE$\99_AB_toGlencore
	True	
